<?xml version="1.0" encoding="UTF-8"?>
<testsuite xmlns:xsi="http://www.w3.org/2001/XMLSchema-instance" xsi:noNamespaceSchemaLocation="https://maven.apache.org/surefire/maven-surefire-plugin/xsd/surefire-test-report.xsd" name="com.uregina.app.SampleTest" time="0.099" tests="2" errors="0" skipped="0" failures="0">
  <properties>
[...]
</properties>
  <testcase name="SimpleProgramTest2" classname="com.uregina.app.SampleTest" time="0"/>
  <testcase name="SimpleProgramTest" classname="com.uregina.app.SampleTest" time="0"/>
</testsuite>