<?xml version="1.0" encoding="UTF-8"?>
<testsuite xmlns:xsi="http://www.w3.org/2001/XMLSchema-instance" xsi:noNamespaceSchemaLocation="https://maven.apache.org/surefire/maven-surefire-plugin/xsd/surefire-test-report.xsd" name="com.uregina.app.PostalCodeTest" time="0.004" tests="8" errors="0" skipped="0" failures="0">
  <properties>
[...]
</properties>
  <testcase name="postalCode_invalidHorizontalIndex_throwsInvalidPostalCodeException" classname="com.uregina.app.PostalCodeTest" time="0"/>
  <testcase name="postalCode_invalidLastDigit_throwsInvalidPostalCodeException" classname="com.uregina.app.PostalCodeTest" time="0"/>
  <testcase name="postalCode_invalidPrefixSeperator_throwsInvalidPostalCodeException" classname="com.uregina.app.PostalCodeTest" time="0"/>
  <testcase name="postalCode_validFormat_True" classname="com.uregina.app.PostalCodeTest" time="0"/>
  <testcase name="postalCode_invalidVerticalIndex_throwsInvalidPostalCodeException" classname="com.uregina.app.PostalCodeTest" time="0"/>
  <testcase name="postalCode_invalidFormatSeperator_throwsInvalidPostalCodeException" classname="com.uregina.app.PostalCodeTest" time="0"/>
  <testcase name="postalCode_invalidFormat_throwsInvalidPostalCodeException" classname="com.uregina.app.PostalCodeTest" time="0"/>
  <testcase name="postalCode_invalidLowerCase_throwsInvalidPostalCodeException" classname="com.uregina.app.PostalCodeTest" time="0"/>
</testsuite>